<?xml version="1.0" encoding="UTF-8"?>
<!-- Generated by org.testng.reporters.JUnitReportReporter -->
<testsuite hostname="LAPTOP-FAAER399" failures="0" tests="8" name="com.inetbanking.testcases.TC_LoginTestDDT_001" time="68.750" errors="0" timestamp="17 Mar 2021 03:33:03 GMT" skipped="0">
  <testcase classname="com.inetbanking.testcases.TC_LoginTestDDT_001" name="loginDDT" time="8.043"/>
  <testcase classname="com.inetbanking.testcases.TC_LoginTestDDT_001" name="loginDDT" time="8.161"/>
  <testcase classname="com.inetbanking.testcases.TC_LoginTestDDT_001" name="loginDDT" time="8.748"/>
  <testcase classname="com.inetbanking.testcases.TC_LoginTestDDT_001" name="loginDDT" time="7.883"/>
  <testcase classname="com.inetbanking.testcases.TC_LoginTestDDT_001" name="loginDDT" time="9.204"/>
  <testcase classname="com.inetbanking.testcases.TC_LoginTestDDT_001" name="loginDDT" time="9.152"/>
  <testcase classname="com.inetbanking.testcases.TC_LoginTestDDT_001" name="loginDDT" time="8.076"/>
  <testcase classname="com.inetbanking.testcases.TC_LoginTestDDT_001" name="loginDDT" time="9.483"/>
</testsuite> <!-- com.inetbanking.testcases.TC_LoginTestDDT_001 -->
