<?xml version="1.0" encoding="UTF-8"?>
<!-- Generated by org.testng.reporters.JUnitReportReporter -->
<testsuite hostname="LAPTOP-FAAER399" failures="0" tests="1" name="com.inetbanking.testcases.TC_LoginTest_001" time="11.982" errors="0" timestamp="21 Mar 2021 16:43:30 GMT" skipped="0">
  <testcase classname="com.inetbanking.testcases.TC_LoginTest_001" name="testPageTitleValidation" time="11.982"/>
</testsuite> <!-- com.inetbanking.testcases.TC_LoginTest_001 -->
