<?xml version="1.0" encoding="UTF-8"?>
<!-- Generated by org.testng.reporters.JUnitReportReporter -->
<testsuite hostname="LAPTOP-FAAER399" failures="0" tests="1" name="com.inetbanking.testcases.TC_LoginTestFailed_001" time="7.998" errors="0" timestamp="21 Mar 2021 16:45:14 GMT" skipped="0">
  <testcase classname="com.inetbanking.testcases.TC_LoginTestFailed_001" name="testPageTitleNegativeValidation" time="7.998"/>
</testsuite> <!-- com.inetbanking.testcases.TC_LoginTestFailed_001 -->
